<?xml version="1.0" encoding="UTF-8"?>
<testsuite xmlns:xsi="http://www.w3.org/2001/XMLSchema-instance" xsi:noNamespaceSchemaLocation="https://maven.apache.org/surefire/maven-surefire-plugin/xsd/surefire-test-report.xsd" name="runners.RegressionRunner" time="4.764" tests="18" errors="0" skipped="0" failures="2">
  <properties>
[...]
</properties>
  <testcase name="Given &quot;food&quot; table is truncated" classname="Scenario: User adds new item to cache" time="0.001"/>
  <testcase name="Given add new food to FoodDelivery with the following fields" classname="Scenario: User adds new item to cache" time="0"/>
  <testcase name="Then verify that status code is 200" classname="Scenario: User adds new item to cache" time="0"/>
  <testcase name="Then verify that food has been successfully added" classname="Scenario: User adds new item to cache" time="0"/>
  <testcase name="Scenario: User adds new item to cache" classname="Scenario: User adds new item to cache" time="0"/>
  <testcase name="Given &quot;food&quot; table is truncated" classname="Scenario: User adds new food to FoodDelivery without image url" time="0"/>
  <testcase name="Given add new food to FoodDelivery with the following fields" classname="Scenario: User adds new food to FoodDelivery without image url" time="0"/>
  <testcase name="Then verify that status code is 403" classname="Scenario: User adds new food to FoodDelivery without image url" time="0.001"/>
  <testcase name="Then verify response error message &quot;Invalid request - Food image url cannot be null or empty.&quot;" classname="Scenario: User adds new food to FoodDelivery without image url" time="0"/>
  <testcase name="Scenario: User adds new food to FoodDelivery without image url" classname="Scenario: User adds new food to FoodDelivery without image url" time="0"/>
  <testcase name="Given &quot;food&quot; table is truncated" classname="Scenario: User commits the food in cache" time="0.001"/>
  <testcase name="Given add new food to FoodDelivery with the following fields" classname="Scenario: User commits the food in cache" time="0"/>
  <testcase name="And verify that status code is 200" classname="Scenario: User commits the food in cache" time="0"/>
  <testcase name="And verify that food has been successfully added" classname="Scenario: User commits the food in cache" time="0"/>
  <testcase name="When users commits the cache to db" classname="Scenario: User commits the food in cache" time="0"/>
  <testcase name="Then app should send the following response" classname="Scenario: User commits the food in cache" time="0"/>
  <testcase name="And the following food should be committed to db" classname="Scenario: User commits the food in cache" time="0.003">
    <failure message="Invalid number of DB entries expected:&lt;1&gt; but was:&lt;0&gt;" type="java.lang.AssertionError"><![CDATA[java.lang.AssertionError: Invalid number of DB entries expected:<1> but was:<0>
]]></failure>
    <system-out><![CDATA[[Food(id=null, description=Wine, imageUrl=null, price=20.0, name=Merlot, foodType=null, food_type=0, image_url=https:foods.com)]
]]></system-out>
  </testcase>
  <testcase name="Scenario: User commits the food in cache" classname="Scenario: User commits the food in cache" time="0.004">
    <failure message="Invalid number of DB entries expected:&lt;1&gt; but was:&lt;0&gt;" type="java.lang.AssertionError"><![CDATA[java.lang.AssertionError: Invalid number of DB entries expected:<1> but was:<0>
]]></failure>
  </testcase>
</testsuite>